<?xml version="1.0" encoding="UTF-8"?>
<!-- Generated by org.testng.reporters.JUnitXMLReporter -->
<testsuite ignored="0" hostname="AHMEDs-MacBook-Air.local" failures="0" tests="13" name="Default test" time="181.677" errors="0" timestamp="2022-01-22T15:10:40 EST">
  <testcase classname="test.AmazonSerachWithExcel" name="amazonSearchWithExcel" time="10.114"/>
  <testcase classname="test.AmazonSerachWithExcel" name="amazonSearchWithExcel" time="15.639"/>
  <testcase classname="test.AmazonSerachWithExcel" name="amazonSearchWithExcel" time="29.099"/>
  <testcase classname="test.AmazonSerachWithExcel" name="amazonSearchWithExcel" time="6.236"/>
  <testcase classname="test.AmazonSerachWithExcel" name="amazonSearchWithExcel" time="8.933"/>
  <testcase classname="test.AmazonSerachWithExcel" name="amazonSearchWithExcel" time="7.33"/>
  <testcase classname="test.AmazonSerachWithExcel" name="amazonSearchWithExcel" time="9.699"/>
  <testcase classname="test.AmazonSerachWithExcel" name="amazonSearchWithExcel" time="7.186"/>
  <testcase classname="test.AmazonSerachWithExcel" name="amazonSearchWithExcel" time="7.216"/>
  <testcase classname="test.AmazonSerachWithExcel" name="amazonSearchWithExcel" time="10.331"/>
  <testcase classname="test.AmazonSerachWithExcel" name="amazonSearchWithExcel" time="24.914"/>
  <testcase classname="test.AmazonSerachWithExcel" name="amazonSearchWithExcel" time="8.792"/>
  <testcase classname="test.AmazonSerachWithExcel" name="amazonSearchWithExcel" time="7.359"/>
</testsuite> <!-- Default test -->
